  main.cpp
E:\Code\learnC\small_ball\small_ball\main.cpp(18,9): warning C4244: “初始化”: 从“int”转换到“float”，可能丢失数据
E:\Code\learnC\small_ball\small_ball\main.cpp(19,9): warning C4244: “初始化”: 从“int”转换到“float”，可能丢失数据
E:\Code\learnC\small_ball\small_ball\main.cpp(22,14): warning C4305: “初始化”: 从“double”到“float”截断
E:\Code\learnC\small_ball\small_ball\main.cpp(25,17): warning C4244: “初始化”: 从“double”转换到“float”，可能丢失数据
E:\Code\learnC\small_ball\small_ball\main.cpp(26,18): warning C4244: “初始化”: 从“double”转换到“float”，可能丢失数据
E:\Code\learnC\small_ball\small_ball\main.cpp(28,15): warning C4244: “初始化”: 从“int”转换到“float”，可能丢失数据
E:\Code\learnC\small_ball\small_ball\main.cpp(63,16): warning C4244: “参数”: 从“float”转换到“int”，可能丢失数据
E:\Code\learnC\small_ball\small_ball\main.cpp(63,13): warning C4244: “参数”: 从“float”转换到“int”，可能丢失数据
E:\Code\learnC\small_ball\small_ball\main.cpp(64,44): warning C4244: “参数”: 从“float”转换到“int”，可能丢失数据
E:\Code\learnC\small_ball\small_ball\main.cpp(64,31): warning C4244: “参数”: 从“float”转换到“int”，可能丢失数据
E:\Code\learnC\small_ball\small_ball\main.cpp(64,16): warning C4244: “参数”: 从“float”转换到“int”，可能丢失数据
E:\Code\learnC\small_ball\small_ball\main.cpp(65,40): warning C4244: “参数”: 从“float”转换到“int”，可能丢失数据
E:\Code\learnC\small_ball\small_ball\main.cpp(65,28): warning C4244: “参数”: 从“float”转换到“int”，可能丢失数据
E:\Code\learnC\small_ball\small_ball\main.cpp(65,16): warning C4244: “参数”: 从“float”转换到“int”，可能丢失数据
E:\Code\learnC\small_ball\small_ball\main.cpp(93,28): warning C4244: “=”: 从“double”转换到“float”，可能丢失数据
E:\Code\learnC\small_ball\small_ball\main.cpp(94,20): warning C4244: “=”: 从“int”转换到“float”，可能丢失数据
E:\Code\learnC\small_ball\small_ball\main.cpp(96,16): warning C4244: “=”: 从“int”转换到“float”，可能丢失数据
E:\Code\learnC\small_ball\small_ball\main.cpp(121,14): warning C4244: “=”: 从“int”转换到“float”，可能丢失数据
  small_ball.vcxproj -> E:\Code\learnC\small_ball\x64\Debug\small_ball.exe
